<?xml version="1.0" encoding="UTF-8"?>
<!-- Generated by org.testng.reporters.JUnitXMLReporter -->
<testsuite hostname="DESKTOP-M0PHRPM" ignored="0" name="Test" tests="3" failures="2" timestamp="01 Mar 2021 22:02:48 GMT" time="148.568" errors="0">
  <testcase name="totalValidation" time="73.998" classname="practise.AppiumFramework.Ecommerce_tc_4"/>
  <testcase name="apiDemoTest" time="70.459" classname="practise.AppiumFramework.ApiDemoTest">
    <failure type="org.openqa.selenium.SessionNotCreatedException" message="Unable to create a new remote session. Please check the server log for more details. Original error: An unknown server-side error occurred while processing the command. Original error: Cannot start the &amp;apos;io.appium.android.apis&amp;apos; application. Visit https://github.com/appium/appium/blob/master/docs/en/writing-running-appium/android/activity-startup.md for troubleshooting. Original error: Cannot start the &amp;apos;io.appium.android.apis&amp;apos; application. Visit https://github.com/appium/appium/blob/master/docs/en/writing-running-appium/android/activity-startup.md for troubleshooting. Original error: &amp;apos;com.androidsample.generalstore.*&amp;apos; or &amp;apos;io.appium.android.apis.com.androidsample.generalstore.*&amp;apos; never started. Visit https://github.com/appium/appium/blob/master/docs/en/writing-running-appium/android/activity-startup.md for troubleshooting
Build info: version: &amp;apos;3.141.59&amp;apos;, revision: &amp;apos;e82be7d358&amp;apos;, time: &amp;apos;2018-11-14T08:17:03&amp;apos;
System info: host: &amp;apos;DESKTOP-M0PHRPM&amp;apos;, ip: &amp;apos;192.168.1.67&amp;apos;, os.name: &amp;apos;Windows 10&amp;apos;, os.arch: &amp;apos;amd64&amp;apos;, os.version: &amp;apos;10.0&amp;apos;, java.version: &amp;apos;1.8.0_281&amp;apos;
Driver info: driver.version: AndroidDriver
remote stacktrace: UnknownError: An unknown server-side error occurred while processing the command. Original error: Cannot start the &amp;apos;io.appium.android.apis&amp;apos; application. Visit https://github.com/appium/appium/blob/master/docs/en/writing-running-appium/android/activity-startup.md for troubleshooting. Original error: Cannot start the &amp;apos;io.appium.android.apis&amp;apos; application. Visit https://github.com/appium/appium/blob/master/docs/en/writing-running-appium/android/activity-startup.md for troubleshooting. Original error: &amp;apos;com.androidsample.generalstore.*&amp;apos; or &amp;apos;io.appium.android.apis.com.androidsample.generalstore.*&amp;apos; never started. Visit https://github.com/appium/appium/blob/master/docs/en/writing-running-appium/android/activity-startup.md for troubleshooting
    at getResponseForW3CError (C:\Users\HP\AppData\Roaming\npm\node_modules\appium\node_modules\appium-base-driver\lib\protocol\errors.js:804:9)
    at asyncHandler (C:\Users\HP\AppData\Roaming\npm\node_modules\appium\node_modules\appium-base-driver\lib\protocol\protocol.js:380:37)
Build info: version: &amp;apos;3.141.59&amp;apos;, revision: &amp;apos;e82be7d358&amp;apos;, time: &amp;apos;2018-11-14T08:17:03&amp;apos;
System info: host: &amp;apos;DESKTOP-M0PHRPM&amp;apos;, ip: &amp;apos;192.168.1.67&amp;apos;, os.name: &amp;apos;Windows 10&amp;apos;, os.arch: &amp;apos;amd64&amp;apos;, os.version: &amp;apos;10.0&amp;apos;, java.version: &amp;apos;1.8.0_281&amp;apos;
Driver info: driver.version: AndroidDriver">
      <![CDATA[org.openqa.selenium.SessionNotCreatedException: Unable to create a new remote session. Please check the server log for more details. Original error: An unknown server-side error occurred while processing the command. Original error: Cannot start the 'io.appium.android.apis' application. Visit https://github.com/appium/appium/blob/master/docs/en/writing-running-appium/android/activity-startup.md for troubleshooting. Original error: Cannot start the 'io.appium.android.apis' application. Visit https://github.com/appium/appium/blob/master/docs/en/writing-running-appium/android/activity-startup.md for troubleshooting. Original error: 'com.androidsample.generalstore.*' or 'io.appium.android.apis.com.androidsample.generalstore.*' never started. Visit https://github.com/appium/appium/blob/master/docs/en/writing-running-appium/android/activity-startup.md for troubleshooting
Build info: version: '3.141.59', revision: 'e82be7d358', time: '2018-11-14T08:17:03'
System info: host: 'DESKTOP-M0PHRPM', ip: '192.168.1.67', os.name: 'Windows 10', os.arch: 'amd64', os.version: '10.0', java.version: '1.8.0_281'
Driver info: driver.version: AndroidDriver
remote stacktrace: UnknownError: An unknown server-side error occurred while processing the command. Original error: Cannot start the 'io.appium.android.apis' application. Visit https://github.com/appium/appium/blob/master/docs/en/writing-running-appium/android/activity-startup.md for troubleshooting. Original error: Cannot start the 'io.appium.android.apis' application. Visit https://github.com/appium/appium/blob/master/docs/en/writing-running-appium/android/activity-startup.md for troubleshooting. Original error: 'com.androidsample.generalstore.*' or 'io.appium.android.apis.com.androidsample.generalstore.*' never started. Visit https://github.com/appium/appium/blob/master/docs/en/writing-running-appium/android/activity-startup.md for troubleshooting
    at getResponseForW3CError (C:\Users\HP\AppData\Roaming\npm\node_modules\appium\node_modules\appium-base-driver\lib\protocol\errors.js:804:9)
    at asyncHandler (C:\Users\HP\AppData\Roaming\npm\node_modules\appium\node_modules\appium-base-driver\lib\protocol\protocol.js:380:37)
Build info: version: '3.141.59', revision: 'e82be7d358', time: '2018-11-14T08:17:03'
System info: host: 'DESKTOP-M0PHRPM', ip: '192.168.1.67', os.name: 'Windows 10', os.arch: 'amd64', os.version: '10.0', java.version: '1.8.0_281'
Driver info: driver.version: AndroidDriver
at io.appium.java_client.remote.AppiumCommandExecutor$1.createSession(AppiumCommandExecutor.java:208)
at io.appium.java_client.remote.AppiumCommandExecutor.createSession(AppiumCommandExecutor.java:217)
at io.appium.java_client.remote.AppiumCommandExecutor.execute(AppiumCommandExecutor.java:239)
at org.openqa.selenium.remote.RemoteWebDriver.execute(RemoteWebDriver.java:552)
at io.appium.java_client.DefaultGenericMobileDriver.execute(DefaultGenericMobileDriver.java:42)
at io.appium.java_client.AppiumDriver.execute(AppiumDriver.java:1)
at io.appium.java_client.android.AndroidDriver.execute(AndroidDriver.java:1)
at org.openqa.selenium.remote.RemoteWebDriver.startSession(RemoteWebDriver.java:213)
at org.openqa.selenium.remote.RemoteWebDriver.<init>(RemoteWebDriver.java:131)
at io.appium.java_client.DefaultGenericMobileDriver.<init>(DefaultGenericMobileDriver.java:38)
at io.appium.java_client.AppiumDriver.<init>(AppiumDriver.java:84)
at io.appium.java_client.AppiumDriver.<init>(AppiumDriver.java:94)
at io.appium.java_client.android.AndroidDriver.<init>(AndroidDriver.java:95)
at practise.AppiumFramework.base.capabilities(base.java:89)
at practise.AppiumFramework.ApiDemoTest.apiDemoTest(ApiDemoTest.java:24)
at io.appium.java_client.remote.AppiumCommandExecutor$1.createSession(AppiumCommandExecutor.java:186)
... 39 more
Caused by: org.openqa.selenium.WebDriverException: An unknown server-side error occurred while processing the command. Original error: Cannot start the 'io.appium.android.apis' application. Visit https://github.com/appium/appium/blob/master/docs/en/writing-running-appium/android/activity-startup.md for troubleshooting. Original error: Cannot start the 'io.appium.android.apis' application. Visit https://github.com/appium/appium/blob/master/docs/en/writing-running-appium/android/activity-startup.md for troubleshooting. Original error: 'com.androidsample.generalstore.*' or 'io.appium.android.apis.com.androidsample.generalstore.*' never started. Visit https://github.com/appium/appium/blob/master/docs/en/writing-running-appium/android/activity-startup.md for troubleshooting
Build info: version: '3.141.59', revision: 'e82be7d358', time: '2018-11-14T08:17:03'
System info: host: 'DESKTOP-M0PHRPM', ip: '192.168.1.67', os.name: 'Windows 10', os.arch: 'amd64', os.version: '10.0', java.version: '1.8.0_281'
Driver info: driver.version: AndroidDriver
remote stacktrace: UnknownError: An unknown server-side error occurred while processing the command. Original error: Cannot start the 'io.appium.android.apis' application. Visit https://github.com/appium/appium/blob/master/docs/en/writing-running-appium/android/activity-startup.md for troubleshooting. Original error: Cannot start the 'io.appium.android.apis' application. Visit https://github.com/appium/appium/blob/master/docs/en/writing-running-appium/android/activity-startup.md for troubleshooting. Original error: 'com.androidsample.generalstore.*' or 'io.appium.android.apis.com.androidsample.generalstore.*' never started. Visit https://github.com/appium/appium/blob/master/docs/en/writing-running-appium/android/activity-startup.md for troubleshooting
    at getResponseForW3CError (C:\Users\HP\AppData\Roaming\npm\node_modules\appium\node_modules\appium-base-driver\lib\protocol\errors.js:804:9)
    at asyncHandler (C:\Users\HP\AppData\Roaming\npm\node_modules\appium\node_modules\appium-base-driver\lib\protocol\protocol.js:380:37)
at org.openqa.selenium.remote.W3CHandshakeResponse.lambda$errorHandler$0(W3CHandshakeResponse.java:62)
at org.openqa.selenium.remote.HandshakeResponse.lambda$getResponseFunction$0(HandshakeResponse.java:30)
at org.openqa.selenium.remote.ProtocolHandshake.lambda$createSession$0(ProtocolHandshake.java:126)
at java.util.stream.ReferencePipeline$3$1.accept(ReferencePipeline.java:193)
at java.util.Spliterators$ArraySpliterator.tryAdvance(Spliterators.java:958)
at java.util.stream.ReferencePipeline.forEachWithCancel(ReferencePipeline.java:126)
at java.util.stream.AbstractPipeline.copyIntoWithCancel(AbstractPipeline.java:499)
at java.util.stream.AbstractPipeline.copyInto(AbstractPipeline.java:486)
at java.util.stream.AbstractPipeline.wrapAndCopyInto(AbstractPipeline.java:472)
at java.util.stream.FindOps$FindOp.evaluateSequential(FindOps.java:152)
at java.util.stream.AbstractPipeline.evaluate(AbstractPipeline.java:234)
at java.util.stream.ReferencePipeline.findFirst(ReferencePipeline.java:464)
at org.openqa.selenium.remote.ProtocolHandshake.createSession(ProtocolHandshake.java:128)
... 44 more
... Removed 34 stack frames]]>
    </failure>
  </testcase> <!-- apiDemoTest -->
  <testcase name="apiDemoTest" time="70.935" classname="practise.AppiumFramework.ApiDemoTest">
    <failure type="org.openqa.selenium.NoSuchSessionException" message="A session is either terminated or not started
Build info: version: &amp;apos;3.141.59&amp;apos;, revision: &amp;apos;e82be7d358&amp;apos;, time: &amp;apos;2018-11-14T08:17:03&amp;apos;
System info: host: &amp;apos;DESKTOP-M0PHRPM&amp;apos;, ip: &amp;apos;192.168.1.67&amp;apos;, os.name: &amp;apos;Windows 10&amp;apos;, os.arch: &amp;apos;amd64&amp;apos;, os.version: &amp;apos;10.0&amp;apos;, java.version: &amp;apos;1.8.0_281&amp;apos;
Driver info: io.appium.java_client.android.AndroidDriver
Capabilities {app: D:\EclipseWorkSpace\Awsproj..., appPackage: com.androidsample.generalstore, appWaitActivity: com.androidsample.generalst..., automationName: uiautomator2, databaseEnabled: false, desired: {app: D:\EclipseWorkSpace\Awsproj..., appWaitActivity: com.androidsample.generalst..., automationName: uiautomator2, newCommandTimeout: 14, platformName: android}, deviceApiLevel: 27, deviceManufacturer: Google, deviceModel: Android SDK built for x86, deviceName: emulator-5554, deviceScreenDensity: 400, deviceScreenSize: 1080x2160, deviceUDID: emulator-5554, javascriptEnabled: true, locationContextEnabled: false, networkConnectionEnabled: true, newCommandTimeout: 14, pixelRatio: 2.5, platform: LINUX, platformName: Android, platformVersion: 8.1.0, statBarHeight: 60, takesScreenshot: true, viewportRect: {height: 1980, left: 0, top: 60, width: 1080}, warnings: {}, webStorageEnabled: false}
Session ID: 86f76715-23d6-41e3-b670-0da16953c34c">
      <![CDATA[org.openqa.selenium.NoSuchSessionException: A session is either terminated or not started
Build info: version: '3.141.59', revision: 'e82be7d358', time: '2018-11-14T08:17:03'
System info: host: 'DESKTOP-M0PHRPM', ip: '192.168.1.67', os.name: 'Windows 10', os.arch: 'amd64', os.version: '10.0', java.version: '1.8.0_281'
Driver info: io.appium.java_client.android.AndroidDriver
Capabilities {app: D:\EclipseWorkSpace\Awsproj..., appPackage: com.androidsample.generalstore, appWaitActivity: com.androidsample.generalst..., automationName: uiautomator2, databaseEnabled: false, desired: {app: D:\EclipseWorkSpace\Awsproj..., appWaitActivity: com.androidsample.generalst..., automationName: uiautomator2, newCommandTimeout: 14, platformName: android}, deviceApiLevel: 27, deviceManufacturer: Google, deviceModel: Android SDK built for x86, deviceName: emulator-5554, deviceScreenDensity: 400, deviceScreenSize: 1080x2160, deviceUDID: emulator-5554, javascriptEnabled: true, locationContextEnabled: false, networkConnectionEnabled: true, newCommandTimeout: 14, pixelRatio: 2.5, platform: LINUX, platformName: Android, platformVersion: 8.1.0, statBarHeight: 60, takesScreenshot: true, viewportRect: {height: 1980, left: 0, top: 60, width: 1080}, warnings: {}, webStorageEnabled: false}
Session ID: 86f76715-23d6-41e3-b670-0da16953c34c
at org.openqa.selenium.remote.http.W3CHttpResponseCodec.createException(W3CHttpResponseCodec.java:187)
at org.openqa.selenium.remote.http.W3CHttpResponseCodec.decode(W3CHttpResponseCodec.java:122)
at org.openqa.selenium.remote.http.W3CHttpResponseCodec.decode(W3CHttpResponseCodec.java:49)
at org.openqa.selenium.remote.HttpCommandExecutor.execute(HttpCommandExecutor.java:158)
at io.appium.java_client.remote.AppiumCommandExecutor.execute(AppiumCommandExecutor.java:239)
at org.openqa.selenium.remote.RemoteWebDriver.execute(RemoteWebDriver.java:552)
at io.appium.java_client.DefaultGenericMobileDriver.execute(DefaultGenericMobileDriver.java:46)
at io.appium.java_client.AppiumDriver.execute(AppiumDriver.java:1)
at io.appium.java_client.android.AndroidDriver.execute(AndroidDriver.java:1)
at org.openqa.selenium.remote.RemoteWebDriver.getScreenshotAs(RemoteWebDriver.java:295)
at practise.AppiumFramework.base.getScreenshot(base.java:97)
at resources.Listeners.onTestFailure(Listeners.java:32)
... Removed 26 stack frames]]>
    </failure>
  </testcase> <!-- apiDemoTest -->
</testsuite> <!-- Test -->
